<?xml version="1.0" encoding="UTF-8"?>
<!-- Generated by org.testng.reporters.JUnitXMLReporter -->
<testsuite ignored="0" hostname="Ashish" failures="1" tests="1" name="TestwithChrome" time="17.185" errors="0" timestamp="2024-01-22T09:44:18 IST">
  <testcase classname="testClassess.DashboardTest" name="DashboardEventsViewName" time="2.413">
    <failure type="java.lang.NullPointerException" message="Cannot invoke &amp;quot;com.aventstack.extentreports.ExtentTest.info(String)&amp;quot; because &amp;quot;this.logger&amp;quot; is null">
      <![CDATA[java.lang.NullPointerException: Cannot invoke "com.aventstack.extentreports.ExtentTest.info(String)" because "this.logger" is null
at testClassess.LoginTest.login(LoginTest.java:19)
at testClassess.DashboardTest.DashboardEventsViewName(DashboardTest.java:16)
at java.base/java.util.ArrayList.forEach(ArrayList.java:1511)
... Removed 25 stack frames]]>
    </failure>
  </testcase> <!-- DashboardEventsViewName -->
</testsuite> <!-- TestwithChrome -->
