<?xml version="1.0" encoding="UTF-8"?>
<testng-results ignored="0" total="1" passed="1" failed="0" skipped="0">
  <reporter-output>
  </reporter-output>
  <suite started-at="2024-01-19T22:56:06 IST" name="Default suite" finished-at="2024-01-19T22:56:39 IST" duration-ms="32817">
    <groups>
    </groups>
    <test started-at="2024-01-19T22:56:06 IST" name="Default test" finished-at="2024-01-19T22:56:39 IST" duration-ms="32817">
      <class name="testClassess.LoginTest">
        <test-method is-config="true" signature="setup()[pri:0, instance:testClassess.LoginTest@1d8bd0de]" started-at="2024-01-19T22:56:06 IST" name="setup" finished-at="2024-01-19T22:56:31 IST" duration-ms="24918" status="PASS">
          <reporter-output>
          </reporter-output>
        </test-method> <!-- setup -->
        <test-method signature="login()[pri:0, instance:testClassess.LoginTest@1d8bd0de]" started-at="2024-01-19T22:56:31 IST" name="login" finished-at="2024-01-19T22:56:33 IST" duration-ms="2365" status="PASS">
          <reporter-output>
          </reporter-output>
        </test-method> <!-- login -->
        <test-method is-config="true" signature="tearDown()[pri:0, instance:testClassess.LoginTest@1d8bd0de]" started-at="2024-01-19T22:56:33 IST" name="tearDown" finished-at="2024-01-19T22:56:39 IST" duration-ms="5458" status="PASS">
          <reporter-output>
          </reporter-output>
        </test-method> <!-- tearDown -->
      </class> <!-- testClassess.LoginTest -->
    </test> <!-- Default test -->
  </suite> <!-- Default suite -->
</testng-results>
