<?xml version="1.0" encoding="UTF-8"?>
<testng-results ignored="0" total="1" passed="1" failed="0" skipped="0">
  <reporter-output>
  </reporter-output>
  <suite started-at="2023-12-10T11:32:39 IST" name="Default suite" finished-at="2023-12-10T11:32:53 IST" duration-ms="13842">
    <groups>
    </groups>
    <test started-at="2023-12-10T11:32:39 IST" name="Default test" finished-at="2023-12-10T11:32:53 IST" duration-ms="13842">
      <class name="testClassess.LoginTest">
        <test-method is-config="true" signature="setup()[pri:0, instance:testClassess.LoginTest@2b4bac49]" started-at="2023-12-10T11:32:39 IST" name="setup" finished-at="2023-12-10T11:32:48 IST" duration-ms="8790" status="PASS">
          <reporter-output>
          </reporter-output>
        </test-method> <!-- setup -->
        <test-method signature="login()[pri:0, instance:testClassess.LoginTest@2b4bac49]" started-at="2023-12-10T11:32:48 IST" name="login" finished-at="2023-12-10T11:32:50 IST" duration-ms="1914" status="PASS">
          <reporter-output>
          </reporter-output>
        </test-method> <!-- login -->
        <test-method is-config="true" signature="tearDown()[pri:0, instance:testClassess.LoginTest@2b4bac49]" started-at="2023-12-10T11:32:50 IST" name="tearDown" finished-at="2023-12-10T11:32:53 IST" duration-ms="3103" status="PASS">
          <reporter-output>
          </reporter-output>
        </test-method> <!-- tearDown -->
      </class> <!-- testClassess.LoginTest -->
    </test> <!-- Default test -->
  </suite> <!-- Default suite -->
</testng-results>
